C:\Users\Hamed\OneDrive\Source\Palindrome\Palindrome.Web\wwwroot\clientapp\out-tsc\app\app.component.js
C:\Users\Hamed\OneDrive\Source\Palindrome\Palindrome.Web\wwwroot\clientapp\out-tsc\app\app.component.js.map
C:\Users\Hamed\OneDrive\Source\Palindrome\Palindrome.Web\wwwroot\clientapp\out-tsc\app\home\home.component.js
C:\Users\Hamed\OneDrive\Source\Palindrome\Palindrome.Web\wwwroot\clientapp\out-tsc\app\home\home.component.js.map
C:\Users\Hamed\OneDrive\Source\Palindrome\Palindrome.Web\wwwroot\clientapp\out-tsc\app\model\persistedEntry.js
C:\Users\Hamed\OneDrive\Source\Palindrome\Palindrome.Web\wwwroot\clientapp\out-tsc\app\model\persistedEntry.js.map
C:\Users\Hamed\OneDrive\Source\Palindrome\Palindrome.Web\wwwroot\clientapp\out-tsc\app\shared\dataService.js
C:\Users\Hamed\OneDrive\Source\Palindrome\Palindrome.Web\wwwroot\clientapp\out-tsc\app\shared\dataService.js.map
C:\Users\Hamed\OneDrive\Source\Palindrome\Palindrome.Web\wwwroot\clientapp\out-tsc\app\home\checkPalindrome.component.js
C:\Users\Hamed\OneDrive\Source\Palindrome\Palindrome.Web\wwwroot\clientapp\out-tsc\app\home\checkPalindrome.component.js.map
C:\Users\Hamed\OneDrive\Source\Palindrome\Palindrome.Web\wwwroot\clientapp\out-tsc\app\history\history.component.js
C:\Users\Hamed\OneDrive\Source\Palindrome\Palindrome.Web\wwwroot\clientapp\out-tsc\app\history\history.component.js.map
C:\Users\Hamed\OneDrive\Source\Palindrome\Palindrome.Web\wwwroot\clientapp\out-tsc\app\history\persistedItems.component.js
C:\Users\Hamed\OneDrive\Source\Palindrome\Palindrome.Web\wwwroot\clientapp\out-tsc\app\history\persistedItems.component.js.map
C:\Users\Hamed\OneDrive\Source\Palindrome\Palindrome.Web\wwwroot\clientapp\out-tsc\app\app.module.js
C:\Users\Hamed\OneDrive\Source\Palindrome\Palindrome.Web\wwwroot\clientapp\out-tsc\app\app.module.js.map
C:\Users\Hamed\OneDrive\Source\Palindrome\Palindrome.Web\wwwroot\clientapp\out-tsc\environments\environment.js
C:\Users\Hamed\OneDrive\Source\Palindrome\Palindrome.Web\wwwroot\clientapp\out-tsc\environments\environment.js.map
C:\Users\Hamed\OneDrive\Source\Palindrome\Palindrome.Web\wwwroot\clientapp\out-tsc\main.js
C:\Users\Hamed\OneDrive\Source\Palindrome\Palindrome.Web\wwwroot\clientapp\out-tsc\main.js.map
C:\Users\Hamed\OneDrive\Source\Palindrome\Palindrome.Web\wwwroot\clientapp\out-tsc\polyfills.js
C:\Users\Hamed\OneDrive\Source\Palindrome\Palindrome.Web\wwwroot\clientapp\out-tsc\polyfills.js.map
C:\Users\Hamed\OneDrive\Source\Palindrome\Palindrome.Web\wwwroot\clientapp\out-tsc\environments\environment.prod.js
C:\Users\Hamed\OneDrive\Source\Palindrome\Palindrome.Web\wwwroot\clientapp\out-tsc\environments\environment.prod.js.map
C:\Users\Hamed\OneDrive\Source\Palindrome\Palindrome.Web\wwwroot\clientapp\out-tsc\app\app.component.js
C:\Users\Hamed\OneDrive\Source\Palindrome\Palindrome.Web\wwwroot\clientapp\out-tsc\app\app.component.js.map
C:\Users\Hamed\OneDrive\Source\Palindrome\Palindrome.Web\wwwroot\clientapp\out-tsc\app\home\home.component.js
C:\Users\Hamed\OneDrive\Source\Palindrome\Palindrome.Web\wwwroot\clientapp\out-tsc\app\home\home.component.js.map
C:\Users\Hamed\OneDrive\Source\Palindrome\Palindrome.Web\wwwroot\clientapp\out-tsc\app\model\persistedEntry.js
C:\Users\Hamed\OneDrive\Source\Palindrome\Palindrome.Web\wwwroot\clientapp\out-tsc\app\model\persistedEntry.js.map
C:\Users\Hamed\OneDrive\Source\Palindrome\Palindrome.Web\wwwroot\clientapp\out-tsc\app\shared\dataService.js
C:\Users\Hamed\OneDrive\Source\Palindrome\Palindrome.Web\wwwroot\clientapp\out-tsc\app\shared\dataService.js.map
C:\Users\Hamed\OneDrive\Source\Palindrome\Palindrome.Web\wwwroot\clientapp\out-tsc\app\home\checkPalindrome.component.js
C:\Users\Hamed\OneDrive\Source\Palindrome\Palindrome.Web\wwwroot\clientapp\out-tsc\app\home\checkPalindrome.component.js.map
C:\Users\Hamed\OneDrive\Source\Palindrome\Palindrome.Web\wwwroot\clientapp\out-tsc\app\history\history.component.js
C:\Users\Hamed\OneDrive\Source\Palindrome\Palindrome.Web\wwwroot\clientapp\out-tsc\app\history\history.component.js.map
C:\Users\Hamed\OneDrive\Source\Palindrome\Palindrome.Web\wwwroot\clientapp\out-tsc\app\history\persistedItems.component.js
C:\Users\Hamed\OneDrive\Source\Palindrome\Palindrome.Web\wwwroot\clientapp\out-tsc\app\history\persistedItems.component.js.map
C:\Users\Hamed\OneDrive\Source\Palindrome\Palindrome.Web\wwwroot\clientapp\out-tsc\app\app.module.js
C:\Users\Hamed\OneDrive\Source\Palindrome\Palindrome.Web\wwwroot\clientapp\out-tsc\app\app.module.js.map
C:\Users\Hamed\OneDrive\Source\Palindrome\Palindrome.Web\wwwroot\clientapp\out-tsc\environments\environment.js
C:\Users\Hamed\OneDrive\Source\Palindrome\Palindrome.Web\wwwroot\clientapp\out-tsc\environments\environment.js.map
C:\Users\Hamed\OneDrive\Source\Palindrome\Palindrome.Web\wwwroot\clientapp\out-tsc\main.js
C:\Users\Hamed\OneDrive\Source\Palindrome\Palindrome.Web\wwwroot\clientapp\out-tsc\main.js.map
C:\Users\Hamed\OneDrive\Source\Palindrome\Palindrome.Web\wwwroot\clientapp\out-tsc\polyfills.js
C:\Users\Hamed\OneDrive\Source\Palindrome\Palindrome.Web\wwwroot\clientapp\out-tsc\polyfills.js.map
C:\Users\Hamed\OneDrive\Source\Palindrome\Palindrome.Web\wwwroot\clientapp\out-tsc\environments\environment.prod.js
C:\Users\Hamed\OneDrive\Source\Palindrome\Palindrome.Web\wwwroot\clientapp\out-tsc\environments\environment.prod.js.map
